<?xml version="1.0" encoding="UTF-8"?>
<!-- Generated by org.testng.reporters.JUnitReportReporter -->
<testsuite hostname="LAPTOP-SCQOJ5A4" failures="0" tests="1" name="Selenium.Figosoft.TripAdvisor.ExecutionEngine" time="64.592" errors="0" timestamp="15 Jan 2020 21:08:06 GMT">
  <testcase classname="Selenium.Figosoft.TripAdvisor.ExecutionEngine" name="reviewTest" time="64.592"/>
</testsuite> <!-- Selenium.Figosoft.TripAdvisor.ExecutionEngine -->
